# JRE version: OpenJDK Runtime Environment (22.0.1+8) (build 22.0.1+8-16)
# Java VM: OpenJDK 64-Bit Server VM (22.0.1+8-16, mixed mode, emulated-client, sharing, tiered, compressed oops, compressed class ptrs, g1 gc, windows-amd64)
GC Precious Log:
 CardTable entry size: 512
 Card Set container configuration: InlinePtr #cards 5 size 8 Array Of Cards #cards 12 size 40 Howl #buckets 4 coarsen threshold 1843 Howl Bitmap #cards 512 size 80 coarsen threshold 460 Card regions per heap region 1 cards per card region 2048
 CPUs: 8 total, 8 available
 Memory: 7932M
 Large Page Support: Disabled
 NUMA Support: Disabled
 Compressed Oops: Enabled (32-bit)
 Heap Region Size: 1M
 Heap Min Capacity: 8M
 Heap Initial Capacity: 124M
 Heap Max Capacity: 1984M
 Pre-touch: Disabled
 Parallel Workers: 8
 Concurrent Workers: 2
 Concurrent Refinement Workers: 8
 Periodic GC: Disabled
Heap:
 garbage-first heap   total reserved 2031616K, committed 133120K, used 74618K [0x0000000084000000, 0x0000000100000000)
  region size 1024K, 3 young (3072K), 3 survivors (3072K)
 Metaspace       used 78516K, committed 79360K, reserved 1179648K
  class space    used 11562K, committed 11904K, reserved 1048576K
GC Heap History (20 events):
Event: 11.462 GC heap after
{Heap after GC invocations=14 (full 0):
 garbage-first heap   total reserved 2031616K, committed 78848K, used 35255K [0x0000000084000000, 0x0000000100000000)
  region size 1024K, 3 young (3072K), 3 survivors (3072K)
 Metaspace       used 59238K, committed 59840K, reserved 1114112K
  class space    used 8630K, committed 8896K, reserved 1048576K
}
Event: 12.540 GC heap before
{Heap before GC invocations=15 (full 0):
 garbage-first heap   total reserved 2031616K, committed 78848K, used 70071K [0x0000000084000000, 0x0000000100000000)
  region size 1024K, 37 young (37888K), 3 survivors (3072K)
 Metaspace       used 63320K, committed 64000K, reserved 1114112K
  class space    used 9302K, committed 9600K, reserved 1048576K
}
Event: 12.546 GC heap after
{Heap after GC invocations=16 (full 0):
 garbage-first heap   total reserved 2031616K, committed 78848K, used 37416K [0x0000000084000000, 0x0000000100000000)
  region size 1024K, 3 young (3072K), 3 survivors (3072K)
 Metaspace       used 63320K, committed 64000K, reserved 1114112K
  class space    used 9302K, committed 9600K, reserved 1048576K
}
Event: 14.085 GC heap before
{Heap before GC invocations=16 (full 0):
 garbage-first heap   total reserved 2031616K, committed 78848K, used 70184K [0x0000000084000000, 0x0000000100000000)
  region size 1024K, 35 young (35840K), 3 survivors (3072K)
 Metaspace       used 67573K, committed 68288K, reserved 1114112K
  class space    used 9968K, committed 10240K, reserved 1048576K
}
Event: 14.103 GC heap after
{Heap after GC invocations=17 (full 0):
 garbage-first heap   total reserved 2031616K, committed 78848K, used 39938K [0x0000000084000000, 0x0000000100000000)
  region size 1024K, 5 young (5120K), 5 survivors (5120K)
 Metaspace       used 67573K, committed 68288K, reserved 1114112K
  class space    used 9968K, committed 10240K, reserved 1048576K
}
Event: 14.504 GC heap before
{Heap before GC invocations=17 (full 0):
 garbage-first heap   total reserved 2031616K, committed 78848K, used 67586K [0x0000000084000000, 0x0000000100000000)
  region size 1024K, 32 young (32768K), 5 survivors (5120K)
 Metaspace       used 71357K, committed 72128K, reserved 1114112K
  class space    used 10623K, committed 10944K, reserved 1048576K
}
Event: 14.510 GC heap after
{Heap after GC invocations=18 (full 0):
 garbage-first heap   total reserved 2031616K, committed 78848K, used 41555K [0x0000000084000000, 0x0000000100000000)
  region size 1024K, 2 young (2048K), 2 survivors (2048K)
 Metaspace       used 71357K, committed 72128K, reserved 1114112K
  class space    used 10623K, committed 10944K, reserved 1048576K
}
Event: 14.925 GC heap before
{Heap before GC invocations=19 (full 0):
 garbage-first heap   total reserved 2031616K, committed 78848K, used 71251K [0x0000000084000000, 0x0000000100000000)
  region size 1024K, 31 young (31744K), 2 survivors (2048K)
 Metaspace       used 74879K, committed 75648K, reserved 1114112K
  class space    used 11079K, committed 11392K, reserved 1048576K
}
Event: 14.932 GC heap after
{Heap after GC invocations=20 (full 0):
 garbage-first heap   total reserved 2031616K, committed 78848K, used 43062K [0x0000000084000000, 0x0000000100000000)
  region size 1024K, 4 young (4096K), 4 survivors (4096K)
 Metaspace       used 74879K, committed 75648K, reserved 1114112K
  class space    used 11079K, committed 11392K, reserved 1048576K
}
Event: 15.396 GC heap before
{Heap before GC invocations=20 (full 0):
 garbage-first heap   total reserved 2031616K, committed 78848K, used 68662K [0x0000000084000000, 0x0000000100000000)
  region size 1024K, 29 young (29696K), 4 survivors (4096K)
 Metaspace       used 77291K, committed 78080K, reserved 1179648K
  class space    used 11403K, committed 11776K, reserved 1048576K
}
Event: 15.407 GC heap after
{Heap after GC invocations=21 (full 0):
 garbage-first heap   total reserved 2031616K, committed 95232K, used 44750K [0x0000000084000000, 0x0000000100000000)
  region size 1024K, 4 young (4096K), 4 survivors (4096K)
 Metaspace       used 77291K, committed 78080K, reserved 1179648K
  class space    used 11403K, committed 11776K, reserved 1048576K
}
Event: 15.908 GC heap before
{Heap before GC invocations=21 (full 0):
 garbage-first heap   total reserved 2031616K, committed 95232K, used 85710K [0x0000000084000000, 0x0000000100000000)
  region size 1024K, 43 young (44032K), 4 survivors (4096K)
 Metaspace       used 78474K, committed 79296K, reserved 1179648K
  class space    used 11548K, committed 11904K, reserved 1048576K
}
Event: 15.930 GC heap after
{Heap after GC invocations=22 (full 0):
 garbage-first heap   total reserved 2031616K, committed 99328K, used 54951K [0x0000000084000000, 0x0000000100000000)
  region size 1024K, 6 young (6144K), 6 survivors (6144K)
 Metaspace       used 78474K, committed 79296K, reserved 1179648K
  class space    used 11548K, committed 11904K, reserved 1048576K
}
Event: 16.057 GC heap before
{Heap before GC invocations=22 (full 0):
 garbage-first heap   total reserved 2031616K, committed 99328K, used 69287K [0x0000000084000000, 0x0000000100000000)
  region size 1024K, 21 young (21504K), 6 survivors (6144K)
 Metaspace       used 78475K, committed 79296K, reserved 1179648K
  class space    used 11548K, committed 11904K, reserved 1048576K
}
Event: 16.070 GC heap after
{Heap after GC invocations=23 (full 0):
 garbage-first heap   total reserved 2031616K, committed 99328K, used 55638K [0x0000000084000000, 0x0000000100000000)
  region size 1024K, 3 young (3072K), 3 survivors (3072K)
 Metaspace       used 78475K, committed 79296K, reserved 1179648K
  class space    used 11548K, committed 11904K, reserved 1048576K
}
Event: 16.189 GC heap before
{Heap before GC invocations=24 (full 0):
 garbage-first heap   total reserved 2031616K, committed 99328K, used 86358K [0x0000000084000000, 0x0000000100000000)
  region size 1024K, 33 young (33792K), 3 survivors (3072K)
 Metaspace       used 78478K, committed 79296K, reserved 1179648K
  class space    used 11551K, committed 11904K, reserved 1048576K
}
Event: 16.199 GC heap after
{Heap after GC invocations=25 (full 0):
 garbage-first heap   total reserved 2031616K, committed 101376K, used 66039K [0x0000000084000000, 0x0000000100000000)
  region size 1024K, 5 young (5120K), 5 survivors (5120K)
 Metaspace       used 78478K, committed 79296K, reserved 1179648K
  class space    used 11551K, committed 11904K, reserved 1048576K
}
Event: 16.312 GC heap before
{Heap before GC invocations=25 (full 0):
 garbage-first heap   total reserved 2031616K, committed 101376K, used 87543K [0x0000000084000000, 0x0000000100000000)
  region size 1024K, 26 young (26624K), 5 survivors (5120K)
 Metaspace       used 78516K, committed 79360K, reserved 1179648K
  class space    used 11562K, committed 11904K, reserved 1048576K
}
Event: 16.320 GC heap after
{Heap after GC invocations=26 (full 0):
 garbage-first heap   total reserved 2031616K, committed 101376K, used 72028K [0x0000000084000000, 0x0000000100000000)
  region size 1024K, 4 young (4096K), 4 survivors (4096K)
 Metaspace       used 78516K, committed 79360K, reserved 1179648K
  class space    used 11562K, committed 11904K, reserved 1048576K
}
Event: 16.347 GC heap before
{Heap before GC invocations=26 (full 0):
 garbage-first heap   total reserved 2031616K, committed 101376K, used 83292K [0x0000000084000000, 0x0000000100000000)
  region size 1024K, 17 young (17408K), 4 survivors (4096K)
 Metaspace       used 78516K, committed 79360K, reserved 1179648K
  class space    used 11562K, committed 11904K, reserved 1048576K
}

