# JRE version: OpenJDK Runtime Environment (22.0.1+8) (build 22.0.1+8-16)
# Java VM: OpenJDK 64-Bit Server VM (22.0.1+8-16, mixed mode, emulated-client, sharing, tiered, compressed oops, compressed class ptrs, g1 gc, windows-amd64)
GC Precious Log:
 CardTable entry size: 512
 Card Set container configuration: InlinePtr #cards 5 size 8 Array Of Cards #cards 12 size 40 Howl #buckets 4 coarsen threshold 1843 Howl Bitmap #cards 512 size 80 coarsen threshold 460 Card regions per heap region 1 cards per card region 2048
 CPUs: 8 total, 8 available
 Memory: 7932M
 Large Page Support: Disabled
 NUMA Support: Disabled
 Compressed Oops: Enabled (32-bit)
 Heap Region Size: 1M
 Heap Min Capacity: 8M
 Heap Initial Capacity: 124M
 Heap Max Capacity: 1984M
 Pre-touch: Disabled
 Parallel Workers: 8
 Concurrent Workers: 2
 Concurrent Refinement Workers: 8
 Periodic GC: Disabled
Heap:
 garbage-first heap   total reserved 2031616K, committed 174080K, used 116736K [0x0000000084000000, 0x0000000100000000)
  region size 1024K, 6 young (6144K), 6 survivors (6144K)
 Metaspace       used 79494K, committed 80384K, reserved 1179648K
  class space    used 11701K, committed 12096K, reserved 1048576K
GC Heap History (20 events):
Event: 19.742 GC heap after
{Heap after GC invocations=23 (full 0):
 garbage-first heap   total reserved 2031616K, committed 78848K, used 49244K [0x0000000084000000, 0x0000000100000000)
  region size 1024K, 4 young (4096K), 4 survivors (4096K)
 Metaspace       used 78454K, committed 79296K, reserved 1179648K
  class space    used 11544K, committed 11904K, reserved 1048576K
}
Event: 19.807 GC heap before
{Heap before GC invocations=23 (full 0):
 garbage-first heap   total reserved 2031616K, committed 78848K, used 69724K [0x0000000084000000, 0x0000000100000000)
  region size 1024K, 23 young (23552K), 4 survivors (4096K)
 Metaspace       used 78454K, committed 79296K, reserved 1179648K
  class space    used 11544K, committed 11904K, reserved 1048576K
}
Event: 19.813 GC heap after
{Heap after GC invocations=24 (full 0):
 garbage-first heap   total reserved 2031616K, committed 78848K, used 54777K [0x0000000084000000, 0x0000000100000000)
  region size 1024K, 3 young (3072K), 3 survivors (3072K)
 Metaspace       used 78454K, committed 79296K, reserved 1179648K
  class space    used 11544K, committed 11904K, reserved 1048576K
}
Event: 19.898 GC heap before
{Heap before GC invocations=25 (full 0):
 garbage-first heap   total reserved 2031616K, committed 92160K, used 70137K [0x0000000084000000, 0x0000000100000000)
  region size 1024K, 18 young (18432K), 3 survivors (3072K)
 Metaspace       used 78454K, committed 79296K, reserved 1179648K
  class space    used 11544K, committed 11904K, reserved 1048576K
}
Event: 19.903 GC heap after
{Heap after GC invocations=26 (full 0):
 garbage-first heap   total reserved 2031616K, committed 92160K, used 57907K [0x0000000084000000, 0x0000000100000000)
  region size 1024K, 3 young (3072K), 3 survivors (3072K)
 Metaspace       used 78454K, committed 79296K, reserved 1179648K
  class space    used 11544K, committed 11904K, reserved 1048576K
}
Event: 19.956 GC heap before
{Heap before GC invocations=26 (full 0):
 garbage-first heap   total reserved 2031616K, committed 92160K, used 81459K [0x0000000084000000, 0x0000000100000000)
  region size 1024K, 26 young (26624K), 3 survivors (3072K)
 Metaspace       used 78457K, committed 79296K, reserved 1179648K
  class space    used 11547K, committed 11904K, reserved 1048576K
}
Event: 19.964 GC heap after
{Heap after GC invocations=27 (full 0):
 garbage-first heap   total reserved 2031616K, committed 92160K, used 63488K [0x0000000084000000, 0x0000000100000000)
  region size 1024K, 4 young (4096K), 4 survivors (4096K)
 Metaspace       used 78457K, committed 79296K, reserved 1179648K
  class space    used 11547K, committed 11904K, reserved 1048576K
}
Event: 20.047 GC heap before
{Heap before GC invocations=27 (full 0):
 garbage-first heap   total reserved 2031616K, committed 92160K, used 80896K [0x0000000084000000, 0x0000000100000000)
  region size 1024K, 22 young (22528K), 4 survivors (4096K)
 Metaspace       used 78498K, committed 79296K, reserved 1179648K
  class space    used 11559K, committed 11904K, reserved 1048576K
}
Event: 20.055 GC heap after
{Heap after GC invocations=28 (full 0):
 garbage-first heap   total reserved 2031616K, committed 174080K, used 71320K [0x0000000084000000, 0x0000000100000000)
  region size 1024K, 3 young (3072K), 3 survivors (3072K)
 Metaspace       used 78498K, committed 79296K, reserved 1179648K
  class space    used 11559K, committed 11904K, reserved 1048576K
}
Event: 20.252 GC heap before
{Heap before GC invocations=29 (full 0):
 garbage-first heap   total reserved 2031616K, committed 174080K, used 129688K [0x0000000084000000, 0x0000000100000000)
  region size 1024K, 59 young (60416K), 3 survivors (3072K)
 Metaspace       used 78498K, committed 79296K, reserved 1179648K
  class space    used 11559K, committed 11904K, reserved 1048576K
}
Event: 20.263 GC heap after
{Heap after GC invocations=30 (full 0):
 garbage-first heap   total reserved 2031616K, committed 174080K, used 82649K [0x0000000084000000, 0x0000000100000000)
  region size 1024K, 8 young (8192K), 8 survivors (8192K)
 Metaspace       used 78498K, committed 79296K, reserved 1179648K
  class space    used 11559K, committed 11904K, reserved 1048576K
}
Event: 20.373 GC heap before
{Heap before GC invocations=30 (full 0):
 garbage-first heap   total reserved 2031616K, committed 174080K, used 134873K [0x0000000084000000, 0x0000000100000000)
  region size 1024K, 58 young (59392K), 8 survivors (8192K)
 Metaspace       used 78516K, committed 79360K, reserved 1179648K
  class space    used 11563K, committed 11904K, reserved 1048576K
}
Event: 20.389 GC heap after
{Heap after GC invocations=31 (full 0):
 garbage-first heap   total reserved 2031616K, committed 174080K, used 96932K [0x0000000084000000, 0x0000000100000000)
  region size 1024K, 8 young (8192K), 8 survivors (8192K)
 Metaspace       used 78516K, committed 79360K, reserved 1179648K
  class space    used 11563K, committed 11904K, reserved 1048576K
}
Event: 20.404 GC heap before
{Heap before GC invocations=31 (full 0):
 garbage-first heap   total reserved 2031616K, committed 174080K, used 103076K [0x0000000084000000, 0x0000000100000000)
  region size 1024K, 15 young (15360K), 8 survivors (8192K)
 Metaspace       used 78516K, committed 79360K, reserved 1179648K
  class space    used 11563K, committed 11904K, reserved 1048576K
}
Event: 20.411 GC heap after
{Heap after GC invocations=32 (full 0):
 garbage-first heap   total reserved 2031616K, committed 174080K, used 101567K [0x0000000084000000, 0x0000000100000000)
  region size 1024K, 3 young (3072K), 3 survivors (3072K)
 Metaspace       used 78516K, committed 79360K, reserved 1179648K
  class space    used 11563K, committed 11904K, reserved 1048576K
}
Event: 20.593 GC heap before
{Heap before GC invocations=33 (full 0):
 garbage-first heap   total reserved 2031616K, committed 174080K, used 142527K [0x0000000084000000, 0x0000000100000000)
  region size 1024K, 45 young (46080K), 3 survivors (3072K)
 Metaspace       used 78516K, committed 79360K, reserved 1179648K
  class space    used 11563K, committed 11904K, reserved 1048576K
}
Event: 20.611 GC heap after
{Heap after GC invocations=34 (full 0):
 garbage-first heap   total reserved 2031616K, committed 174080K, used 111047K [0x0000000084000000, 0x0000000100000000)
  region size 1024K, 6 young (6144K), 6 survivors (6144K)
 Metaspace       used 78516K, committed 79360K, reserved 1179648K
  class space    used 11563K, committed 11904K, reserved 1048576K
}
Event: 20.698 GC heap before
{Heap before GC invocations=34 (full 0):
 garbage-first heap   total reserved 2031616K, committed 174080K, used 149959K [0x0000000084000000, 0x0000000100000000)
  region size 1024K, 42 young (43008K), 6 survivors (6144K)
 Metaspace       used 78516K, committed 79360K, reserved 1179648K
  class space    used 11563K, committed 11904K, reserved 1048576K
}
Event: 20.708 GC heap after
{Heap after GC invocations=35 (full 0):
 garbage-first heap   total reserved 2031616K, committed 174080K, used 104856K [0x0000000084000000, 0x0000000100000000)
  region size 1024K, 6 young (6144K), 6 survivors (6144K)
 Metaspace       used 78516K, committed 79360K, reserved 1179648K
  class space    used 11563K, committed 11904K, reserved 1048576K
}
Event: 21.078 GC heap before
{Heap before GC invocations=35 (full 0):
 garbage-first heap   total reserved 2031616K, committed 174080K, used 144792K [0x0000000084000000, 0x0000000100000000)
  region size 1024K, 46 young (47104K), 6 survivors (6144K)
 Metaspace       used 79494K, committed 80384K, reserved 1179648K
  class space    used 11701K, committed 12096K, reserved 1048576K
}

